Flow report for lab1GetStarted
Wed Oct 04 15:17:49 2017
Quartus Prime Version 17.0.0 Build 595 04/25/2017 SJ Lite Edition


---------------------
; Table of Contents ;
---------------------
  1. Legal Notice
  2. Flow Summary
  3. Flow Settings
  4. Flow Non-Default Global Settings
  5. Flow Elapsed Time
  6. Flow OS Summary
  7. Flow Log
  8. Flow Messages
  9. Flow Suppressed Messages



----------------
; Legal Notice ;
----------------
Copyright (C) 2017  Intel Corporation. All rights reserved.
Your use of Intel Corporation's design tools, logic functions 
and other software and tools, and its AMPP partner logic 
functions, and any output files from any of the foregoing 
(including device programming or simulation files), and any 
associated documentation or information are expressly subject 
to the terms and conditions of the Intel Program License 
Subscription Agreement, the Intel Quartus Prime License Agreement,
the Intel MegaCore Function License Agreement, or other 
applicable license agreement, including, without limitation, 
that your use is for the sole purpose of programming logic 
devices manufactured by Intel and sold by Intel or its 
authorized distributors.  Please refer to the applicable 
agreement for further details.



+----------------------------------------------------------------------------------+
; Flow Summary                                                                     ;
+------------------------------------+---------------------------------------------+
; Flow Status                        ; Successful - Wed Oct 04 15:17:49 2017       ;
; Quartus Prime Version              ; 17.0.0 Build 595 04/25/2017 SJ Lite Edition ;
; Revision Name                      ; lab1GetStarted                              ;
; Top-level Entity Name              ; lab2IrqTightlyCoupledMem                    ;
; Family                             ; Cyclone IV E                                ;
; Device                             ; EP4CE30F23C7                                ;
; Timing Models                      ; Final                                       ;
; Total logic elements               ; 5,864 / 28,848 ( 20 % )                     ;
;     Total combinational functions  ; 5,262 / 28,848 ( 18 % )                     ;
;     Dedicated logic registers      ; 3,546 / 28,848 ( 12 % )                     ;
; Total registers                    ; 3614                                        ;
; Total pins                         ; 48 / 329 ( 15 % )                           ;
; Total virtual pins                 ; 0                                           ;
; Total memory bits                  ; 130,624 / 608,256 ( 21 % )                  ;
; Embedded Multiplier 9-bit elements ; 6 / 132 ( 5 % )                             ;
; Total PLLs                         ; 1 / 4 ( 25 % )                              ;
+------------------------------------+---------------------------------------------+


+-----------------------------------------+
; Flow Settings                           ;
+-------------------+---------------------+
; Option            ; Setting             ;
+-------------------+---------------------+
; Start date & time ; 10/04/2017 15:15:19 ;
; Main task         ; Compilation         ;
; Revision Name     ; lab1GetStarted      ;
+-------------------+---------------------+


+---------------------------------------------------------------------------------------------------------------------------------------+
; Flow Non-Default Global Settings                                                                                                      ;
+-------------------------------------+----------------------------------------+----------------+--------------------------+------------+
; Assignment Name                     ; Value                                  ; Default Value  ; Entity Name              ; Section Id ;
+-------------------------------------+----------------------------------------+----------------+--------------------------+------------+
; COMPILER_SIGNATURE_ID               ; 138937773953391.150712291804524        ; --             ; --                       ; --         ;
; MAX_CORE_JUNCTION_TEMP              ; 85                                     ; --             ; --                       ; --         ;
; MIN_CORE_JUNCTION_TEMP              ; 0                                      ; --             ; --                       ; --         ;
; NOMINAL_CORE_SUPPLY_VOLTAGE         ; 1.2V                                   ; --             ; --                       ; --         ;
; PARTITION_COLOR                     ; -- (Not supported for targeted family) ; --             ; lab2IrqTightlyCoupledMem ; Top        ;
; PARTITION_FITTER_PRESERVATION_LEVEL ; -- (Not supported for targeted family) ; --             ; lab2IrqTightlyCoupledMem ; Top        ;
; PARTITION_NETLIST_TYPE              ; -- (Not supported for targeted family) ; --             ; lab2IrqTightlyCoupledMem ; Top        ;
; POWER_BOARD_THERMAL_MODEL           ; None (CONSERVATIVE)                    ; --             ; --                       ; --         ;
; POWER_PRESET_COOLING_SOLUTION       ; 23 MM HEAT SINK WITH 200 LFPM AIRFLOW  ; --             ; --                       ; --         ;
; PROJECT_OUTPUT_DIRECTORY            ; output_files                           ; --             ; --                       ; --         ;
; TOP_LEVEL_ENTITY                    ; lab2IrqTightlyCoupledMem               ; lab1GetStarted ; --                       ; --         ;
+-------------------------------------+----------------------------------------+----------------+--------------------------+------------+


+--------------------------------------------------------------------------------------------------------------------------+
; Flow Elapsed Time                                                                                                        ;
+----------------------+--------------+-------------------------+---------------------+------------------------------------+
; Module Name          ; Elapsed Time ; Average Processors Used ; Peak Virtual Memory ; Total CPU Time (on all processors) ;
+----------------------+--------------+-------------------------+---------------------+------------------------------------+
; Analysis & Synthesis ; 00:01:51     ; 1.0                     ; 861 MB              ; 00:03:15                           ;
; Fitter               ; 00:00:30     ; 1.1                     ; 1464 MB             ; 00:00:47                           ;
; Assembler            ; 00:00:03     ; 1.0                     ; 572 MB              ; 00:00:03                           ;
; Total                ; 00:02:24     ; --                      ; --                  ; 00:04:05                           ;
+----------------------+--------------+-------------------------+---------------------+------------------------------------+


+-----------------------------------------------------------------------------------+
; Flow OS Summary                                                                   ;
+----------------------+------------------+-----------+------------+----------------+
; Module Name          ; Machine Hostname ; OS Name   ; OS Version ; Processor type ;
+----------------------+------------------+-----------+------------+----------------+
; Analysis & Synthesis ; MD1JR9XC         ; Windows 7 ; 6.1        ; x86_64         ;
; Fitter               ; MD1JR9XC         ; Windows 7 ; 6.1        ; x86_64         ;
; Assembler            ; MD1JR9XC         ; Windows 7 ; 6.1        ; x86_64         ;
+----------------------+------------------+-----------+------------+----------------+


------------
; Flow Log ;
------------
quartus_map --read_settings_files=on --write_settings_files=off lab2IrqTightlyCoupledMem -c lab1GetStarted
quartus_fit --read_settings_files=off --write_settings_files=off lab2IrqTightlyCoupledMem -c lab1GetStarted
quartus_asm --read_settings_files=off --write_settings_files=off lab2IrqTightlyCoupledMem -c lab1GetStarted



